[2026-06-09 13:10:40] [INFO] ====== A-Stock Backup Refresh Task Started ======
[2026-06-09 13:10:40] [INFO] Calling API to refresh A-Stock data: http://localhost:5000/api/stocks?market=a&sort=change
[2026-06-09 13:10:44] [ERROR] Refresh failed: 无法连接到远程服务器
[2026-06-09 13:10:44] [ERROR] ====== Refresh Failed ======
[2026-06-09 13:20:02] [INFO] ====== A-Stock Backup Refresh Task Started ======
[2026-06-09 13:20:02] [INFO] Calling API to refresh A-Stock data: http://localhost:5000/api/stocks?market=a&sort=change
[2026-06-09 13:20:06] [ERROR] Refresh failed: 无法连接到远程服务器
[2026-06-09 13:20:06] [ERROR] ====== Refresh Failed ======
[2026-06-09 13:30:02] [INFO] ====== A-Stock Backup Refresh Task Started ======
[2026-06-09 13:30:02] [INFO] Calling API to refresh A-Stock data: http://localhost:5000/api/stocks?market=a&sort=change
[2026-06-09 13:30:06] [ERROR] Refresh failed: 无法连接到远程服务器
[2026-06-09 13:30:06] [ERROR] ====== Refresh Failed ======
[2026-06-09 13:46:56] [INFO] ====== A-Stock Backup Refresh Task Started ======
[2026-06-09 13:46:56] [INFO] Calling API to refresh A-Stock data: http://localhost:5000/api/stocks?market=a&sort=change
[2026-06-09 13:47:00] [ERROR] Refresh failed: 无法连接到远程服务器
[2026-06-09 13:47:00] [ERROR] ====== Refresh Failed ======
[2026-06-09 13:50:02] [INFO] ====== A-Stock Backup Refresh Task Started ======
[2026-06-09 13:50:02] [INFO] Calling API to refresh A-Stock data: http://localhost:5000/api/stocks?market=a&sort=change
[2026-06-09 13:50:06] [ERROR] Refresh failed: 无法连接到远程服务器
[2026-06-09 13:50:06] [ERROR] ====== Refresh Failed ======
[2026-06-09 14:00:02] [INFO] ====== A-Stock Backup Refresh Task Started ======
[2026-06-09 14:00:02] [INFO] Calling API to refresh A-Stock data: http://localhost:5000/api/stocks?market=a&sort=change
[2026-06-09 14:00:06] [ERROR] Refresh failed: 无法连接到远程服务器
[2026-06-09 14:00:06] [ERROR] ====== Refresh Failed ======
[2026-06-09 18:17:10] [INFO] ====== A-Stock Backup Refresh Task Started ======
[2026-06-09 18:17:11] [WARN] Not in trading hours, skipping refresh
[2026-06-09 18:20:02] [INFO] ====== A-Stock Backup Refresh Task Started ======
[2026-06-09 18:20:02] [WARN] Not in trading hours, skipping refresh
[2026-06-09 18:30:02] [INFO] ====== A-Stock Backup Refresh Task Started ======
[2026-06-09 18:30:02] [WARN] Not in trading hours, skipping refresh
[2026-06-09 18:54:43] [INFO] ====== A-Stock Backup Refresh Task Started ======
[2026-06-09 18:54:43] [WARN] Not in trading hours, skipping refresh
[2026-06-09 19:00:02] [INFO] ====== A-Stock Backup Refresh Task Started ======
[2026-06-09 19:00:02] [WARN] Not in trading hours, skipping refresh
[2026-06-09 19:10:02] [INFO] ====== A-Stock Backup Refresh Task Started ======
[2026-06-09 19:10:02] [WARN] Not in trading hours, skipping refresh
